<?xml version="1.0" encoding="UTF-8"?>
<testsuite name="interactiondesigner.models.InteractionTest" tests="1" skipped="0" failures="0" errors="0" timestamp="2017-05-21T23:03:41" hostname="Nickolass-MacBook-Pro.local" time="0.001">
  <properties/>
  <testcase name="canAddActions" classname="interactiondesigner.models.InteractionTest" time="0.001"/>
  <system-out><![CDATA[]]></system-out>
  <system-err><![CDATA[]]></system-err>
</testsuite>
