<?xml version="1.0" encoding="UTF-8"?>
<testsuite name="interactiondesigner.utils.ActionFactoryTest" tests="6" skipped="0" failures="0" errors="0" timestamp="2017-05-17T14:23:43" hostname="Nickolass-MacBook-Pro.local" time="0.012">
  <properties/>
  <testcase name="createsActionType" classname="interactiondesigner.utils.ActionFactoryTest" time="0.002"/>
  <testcase name="throwsEmptyPropertyListException" classname="interactiondesigner.utils.ActionFactoryTest" time="0.0"/>
  <testcase name="thorwsNullPointerWhenNameEmpty" classname="interactiondesigner.utils.ActionFactoryTest" time="0.007"/>
  <testcase name="throwsDuplicatePropertyException" classname="interactiondesigner.utils.ActionFactoryTest" time="0.0"/>
  <testcase name="throwsNameTakenException" classname="interactiondesigner.utils.ActionFactoryTest" time="0.0"/>
  <testcase name="throwsInvalidNameException" classname="interactiondesigner.utils.ActionFactoryTest" time="0.0"/>
  <system-out><![CDATA[]]></system-out>
  <system-err><![CDATA[]]></system-err>
</testsuite>
