<?xml version="1.0" encoding="UTF-8"?>
<testsuite name="interactiondesigner.controllers.InteractionControllerTest" tests="3" skipped="0" failures="0" errors="0" timestamp="2017-06-13T12:04:52" hostname="Nickolass-MacBook-Pro.local" time="0.05">
  <properties/>
  <testcase name="savesInteractionToFile" classname="interactiondesigner.controllers.InteractionControllerTest" time="0.01"/>
  <testcase name="loadsInteractionFromFile" classname="interactiondesigner.controllers.InteractionControllerTest" time="0.021"/>
  <testcase name="createsNewInteraction" classname="interactiondesigner.controllers.InteractionControllerTest" time="0.0"/>
  <system-out><![CDATA[file version: 0.0.1
]]></system-out>
  <system-err><![CDATA[]]></system-err>
</testsuite>
