<?xml version="1.0" encoding="UTF-8"?>
<testsuite name="InteractionControllerTest" tests="3" skipped="0" failures="0" errors="0" timestamp="2017-05-06T15:47:26" hostname="Nickolass-MacBook-Pro.local" time="0.022">
  <properties/>
  <testcase name="savesInteractionToFile" classname="InteractionControllerTest" time="0.012"/>
  <testcase name="loadsInteractionFromFile" classname="InteractionControllerTest" time="0.01"/>
  <testcase name="createsNewInteraction" classname="InteractionControllerTest" time="0.0"/>
  <system-out><![CDATA[file version: 0.0.1
]]></system-out>
  <system-err><![CDATA[]]></system-err>
</testsuite>
