<?xml version="1.0" encoding="UTF-8"?>
<testsuite name="ActionTest" tests="2" skipped="0" failures="0" errors="0" timestamp="2017-05-06T15:47:26" hostname="Nickolass-MacBook-Pro.local" time="0.003">
  <properties/>
  <testcase name="throwsError" classname="ActionTest" time="0.001"/>
  <testcase name="setsProperty" classname="ActionTest" time="0.001"/>
  <system-out><![CDATA[]]></system-out>
  <system-err><![CDATA[]]></system-err>
</testsuite>
