<?xml version="1.0" encoding="UTF-8"?>
<testsuite name="interactiondesigner.models.ActionTest" tests="2" skipped="0" failures="0" errors="0" timestamp="2017-06-16T20:58:48" hostname="Nickolass-MacBook-Pro.local" time="0.001">
  <properties/>
  <testcase name="throwsError" classname="interactiondesigner.models.ActionTest" time="0.001"/>
  <testcase name="setsProperty" classname="interactiondesigner.models.ActionTest" time="0.0"/>
  <system-out><![CDATA[]]></system-out>
  <system-err><![CDATA[]]></system-err>
</testsuite>
