<?xml version="1.0" encoding="UTF-8"?>
<testsuite name="interactiondesigner.utils.CoordMapTest" tests="1" skipped="0" failures="0" errors="0" timestamp="2017-06-16T20:58:48" hostname="Nickolass-MacBook-Pro.local" time="0.001">
  <properties/>
  <testcase name="testPutGet" classname="interactiondesigner.utils.CoordMapTest" time="0.001"/>
  <system-out><![CDATA[]]></system-out>
  <system-err><![CDATA[]]></system-err>
</testsuite>
