<?xml version="1.0" encoding="UTF-8"?>
<testsuite name="InteractionTableTest" tests="1" skipped="0" failures="0" errors="0" timestamp="2017-05-06T15:47:26" hostname="Nickolass-MacBook-Pro.local" time="0.0">
  <properties/>
  <testcase name="canConnect" classname="InteractionTableTest" time="0.0"/>
  <system-out><![CDATA[]]></system-out>
  <system-err><![CDATA[]]></system-err>
</testsuite>
