<?xml version="1.0" encoding="UTF-8"?>
<testsuite name="interactiondesigner.models.InteractionTableTest" tests="1" skipped="0" failures="0" errors="0" timestamp="2017-06-13T12:04:52" hostname="Nickolass-MacBook-Pro.local" time="0.006">
  <properties/>
  <testcase name="canConnect" classname="interactiondesigner.models.InteractionTableTest" time="0.006"/>
  <system-out><![CDATA[]]></system-out>
  <system-err><![CDATA[]]></system-err>
</testsuite>
