<?xml version="1.0" encoding="UTF-8"?>
<testsuite name="ActionFactoryTest" tests="6" skipped="0" failures="0" errors="0" timestamp="2017-05-06T15:47:26" hostname="Nickolass-MacBook-Pro.local" time="0.007">
  <properties/>
  <testcase name="createsActionType" classname="ActionFactoryTest" time="0.003"/>
  <testcase name="throwsEmptyPropertyListException" classname="ActionFactoryTest" time="0.0"/>
  <testcase name="thorwsNullPointerWhenNameEmpty" classname="ActionFactoryTest" time="0.001"/>
  <testcase name="throwsDuplicatePropertyException" classname="ActionFactoryTest" time="0.0"/>
  <testcase name="throwsNameTakenException" classname="ActionFactoryTest" time="0.0"/>
  <testcase name="throwsInvalidNameException" classname="ActionFactoryTest" time="0.001"/>
  <system-out><![CDATA[]]></system-out>
  <system-err><![CDATA[]]></system-err>
</testsuite>
